[ 2019-07-25T09:51:12+08:00 ] 127.0.0.1 /addons/yb_pingche/admin.php/WeLogin/index
INFO: [ app_init ] --START--
INFO: Run Behavior\BuildLiteBehavior [ RunTime:0.000000s ]
INFO: [ app_init ] --END-- [ RunTime:0.001000s ]
INFO: [ app_begin ] --START--
INFO: Run Behavior\ReadHtmlCacheBehavior [ RunTime:0.001000s ]
INFO: [ app_begin ] --END-- [ RunTime:0.001000s ]
SQL: SHOW COLUMNS FROM `yb_pc_wxapp` [ RunTime:0.0050s ]
SQL: SELECT * FROM `yb_pc_wxapp` WHERE `uniacid` = 2 LIMIT 1   [ RunTime:0.0000s ]
SQL: SHOW COLUMNS FROM `yb_pc_config` [ RunTime:0.0070s ]
SQL: SELECT * FROM `yb_pc_config` WHERE `uniacid` = 2 LIMIT 1   [ RunTime:0.0010s ]
INFO: [ app_end ] --START--
INFO: Run Behavior\ShowPageTraceBehavior [ RunTime:0.001000s ]
INFO: [ app_end ] --END-- [ RunTime:0.001000s ]

[ 2019-07-25T09:51:17+08:00 ] 127.0.0.1 /addons/yb_pingche/admin.php
INFO: [ app_init ] --START--
INFO: Run Behavior\BuildLiteBehavior [ RunTime:0.000000s ]
INFO: [ app_init ] --END-- [ RunTime:0.001000s ]
INFO: [ app_begin ] --START--
INFO: Run Behavior\ReadHtmlCacheBehavior [ RunTime:0.001000s ]
INFO: [ app_begin ] --END-- [ RunTime:0.001000s ]
NOTIC: [8] A session had already been started - ignoring session_start() D:\reserver_car\addons\yb_pingche\App\Admin\Controller\IndexController.class.php 第 7 行.
SQL: SHOW COLUMNS FROM `yb_pc_car_owner_order_details` [ RunTime:0.0080s ]
SQL: SELECT SUM(ntotal) AS tp_sum FROM `yb_pc_car_owner_order_details` WHERE ( ispay!=1 and uniacid=2 ) LIMIT 1   [ RunTime:0.0010s ]
SQL: SHOW COLUMNS FROM `yb_pc_passenger_order` [ RunTime:0.0080s ]
SQL: SELECT SUM(money) AS tp_sum FROM `yb_pc_passenger_order` WHERE ( ispay!=1 and uniacid=2 ) LIMIT 1   [ RunTime:0.0010s ]
SQL: SELECT COUNT(*) AS tp_count FROM `yb_pc_car_owner_order_details` WHERE ( ispay!=1 and uniacid=2 ) LIMIT 1   [ RunTime:0.0010s ]
SQL: SELECT COUNT(*) AS tp_count FROM `yb_pc_passenger_order` WHERE ( ispay!=1 and uniacid=2 ) LIMIT 1   [ RunTime:0.0000s ]
SQL: SELECT SUM(ntotal) AS tp_sum FROM `yb_pc_car_owner_order_details` WHERE ( ispay!=1 and transaction_time>='2019-07-24 00:00:01' and transaction_time<='2019-07-24 23:59:59'  and uniacid=2 ) LIMIT 1   [ RunTime:0.0000s ]
SQL: SELECT SUM(money) AS tp_sum FROM `yb_pc_passenger_order` WHERE ( ispay!=1 and transaction_time>='2019-07-24 00:00:01' and transaction_time<='2019-07-24 23:59:59' and uniacid=2 ) LIMIT 1   [ RunTime:0.0000s ]
SQL: SELECT COUNT(*) AS tp_count FROM `yb_pc_car_owner_order_details` WHERE ( ispay!=1 and transaction_time>='2019-07-24 00:00:01' and transaction_time<='2019-07-24 23:59:59' and uniacid=2 ) LIMIT 1   [ RunTime:0.0000s ]
SQL: SELECT COUNT(*) AS tp_count FROM `yb_pc_passenger_order` WHERE ( ispay!=1 and transaction_time>='2019-07-24 00:00:01' and transaction_time<='2019-07-24 23:59:59' and uniacid=2 ) LIMIT 1   [ RunTime:0.0000s ]
INFO: [ view_parse ] --START--
INFO: [ template_filter ] --START--
INFO: Run Behavior\ContentReplaceBehavior [ RunTime:0.001000s ]
INFO: [ template_filter ] --END-- [ RunTime:0.001000s ]
NOTIC: [8] Undefined index: footerright D:\reserver_car\addons\yb_pingche\App\Runtime\Cache\Admin\9df924d9a2d217daa77a359c5bee0c33.php 第 297 行.
NOTIC: [8] Undefined index: footerleft D:\reserver_car\addons\yb_pingche\App\Runtime\Cache\Admin\9df924d9a2d217daa77a359c5bee0c33.php 第 303 行.
INFO: Run Behavior\ParseTemplateBehavior [ RunTime:0.020000s ]
INFO: [ view_parse ] --END-- [ RunTime:0.020000s ]
INFO: [ view_filter ] --START--
INFO: Run Behavior\WriteHtmlCacheBehavior [ RunTime:0.001000s ]
INFO: [ view_filter ] --END-- [ RunTime:0.001000s ]
INFO: [ app_end ] --START--
INFO: Run Behavior\ShowPageTraceBehavior [ RunTime:0.001000s ]
INFO: [ app_end ] --END-- [ RunTime:0.001000s ]

[ 2019-07-25T09:51:20+08:00 ] 127.0.0.1 /addons/yb_pingche/admin.php/Index/welcome
INFO: [ app_init ] --START--
INFO: Run Behavior\BuildLiteBehavior [ RunTime:0.000000s ]
INFO: [ app_init ] --END-- [ RunTime:0.001000s ]
INFO: [ app_begin ] --START--
INFO: Run Behavior\ReadHtmlCacheBehavior [ RunTime:0.000000s ]
INFO: [ app_begin ] --END-- [ RunTime:0.001000s ]
SQL: SHOW COLUMNS FROM `yb_pc_car_owner_order_details` [ RunTime:0.0040s ]
SQL: SELECT SUM(ntotal) AS tp_sum FROM `yb_pc_car_owner_order_details` WHERE ( ispay!=1 and uniacid=2 ) LIMIT 1   [ RunTime:0.0000s ]
SQL: SHOW COLUMNS FROM `yb_pc_passenger_order` [ RunTime:0.0050s ]
SQL: SELECT SUM(money) AS tp_sum FROM `yb_pc_passenger_order` WHERE ( ispay!=1 and uniacid=2 ) LIMIT 1   [ RunTime:0.0010s ]
SQL: SELECT COUNT(*) AS tp_count FROM `yb_pc_car_owner_order_details` WHERE ( ispay!=1 and uniacid=2 ) LIMIT 1   [ RunTime:0.0000s ]
SQL: SELECT COUNT(*) AS tp_count FROM `yb_pc_passenger_order` WHERE ( ispay!=1 and uniacid=2 ) LIMIT 1   [ RunTime:0.0000s ]
SQL: SELECT SUM(ntotal) AS tp_sum FROM `yb_pc_car_owner_order_details` WHERE ( ispay!=1 and transaction_time>='2019-07-24 00:00:01' and transaction_time<='2019-07-24 23:59:59'  and uniacid=2 ) LIMIT 1   [ RunTime:0.0000s ]
SQL: SELECT SUM(money) AS tp_sum FROM `yb_pc_passenger_order` WHERE ( ispay!=1 and transaction_time>='2019-07-24 00:00:01' and transaction_time<='2019-07-24 23:59:59' and uniacid=2 ) LIMIT 1   [ RunTime:0.0000s ]
SQL: SELECT COUNT(*) AS tp_count FROM `yb_pc_car_owner_order_details` WHERE ( ispay!=1 and transaction_time>='2019-07-24 00:00:01' and transaction_time<='2019-07-24 23:59:59' and uniacid=2 ) LIMIT 1   [ RunTime:0.0000s ]
SQL: SELECT COUNT(*) AS tp_count FROM `yb_pc_passenger_order` WHERE ( ispay!=1 and transaction_time>='2019-07-24 00:00:01' and transaction_time<='2019-07-24 23:59:59' and uniacid=2 ) LIMIT 1   [ RunTime:0.0000s ]
INFO: [ view_parse ] --START--
INFO: [ template_filter ] --START--
INFO: Run Behavior\ContentReplaceBehavior [ RunTime:0.000000s ]
INFO: [ template_filter ] --END-- [ RunTime:0.000000s ]
INFO: Run Behavior\ParseTemplateBehavior [ RunTime:0.006000s ]
INFO: [ view_parse ] --END-- [ RunTime:0.006000s ]
INFO: [ view_filter ] --START--
INFO: Run Behavior\WriteHtmlCacheBehavior [ RunTime:0.000000s ]
INFO: [ view_filter ] --END-- [ RunTime:0.000000s ]
INFO: [ app_end ] --START--
INFO: Run Behavior\ShowPageTraceBehavior [ RunTime:0.001000s ]
INFO: [ app_end ] --END-- [ RunTime:0.001000s ]

